
<><><><><><><><><><><><><><><><><><><><><><><><><><><><><><><><><><><><><><><><><><><><><><><><><><>
===============================================================================
Warning: gaps found: 2033556 0.471%,
    see debug.log for details.
===============================================================================
No target column(s) found in df:
    ['isFraud']
===============================================================================
Warning: gaps found: 2232677 0.516%,
    see debug.log for details.
===============================================================================
CV best configuration:
    {
    'estimate__predict_proba__classifier__num_leaves': 4
}
===============================================================================
CV best mean test score metric__roc_auc:
    0.8247670988333206
===============================================================================
Save run(s) results to file:
    /home/nizaevka/Desktop/repos/mlshell/examples/classification/results/runs/1598465643_runs.csv
===============================================================================
Best run id:
    0da9452e-1459-48f6-a39f-8e54f771e883
===============================================================================
CV best configuration:
    {
    'estimate__apply_threshold__threshold': 0.765727600655271
}
===============================================================================
CV best mean test score metric__custom:
    1.0
===============================================================================
Save run(s) results to file:
    /home/nizaevka/Desktop/repos/mlshell/examples/classification/results/runs/1598465674_runs.csv
===============================================================================
Best run id:
    0a9fac83-c465-4113-aad2-bee0e97b9fc0
===============================================================================
CV best configuration:
    {
    'pass_custom__kw_args': {
        'metric__custom': {
            'param_a': 1,
            'param_b': 'c'
        }
    }
}
===============================================================================
CV best mean test score metric__custom:
    1.0
===============================================================================
Save run(s) results to file:
    /home/nizaevka/Desktop/repos/mlshell/examples/classification/results/runs/1598465690_runs.csv
===============================================================================
Best run id:
    72352874-5b1c-4602-9203-157f0827f32b
===============================================================================
metric__roc_auc:
===============================================================================
    dataset__train__train:
    0.9759054713151047
===============================================================================
    dataset__train__test:
    0.8660999959312152
===============================================================================
metric__precision:
===============================================================================
    dataset__train__train:
    1.0
===============================================================================
    dataset__train__test:
    1.0
===============================================================================
metric__custom:
===============================================================================
    dataset__train__train:
    1.0
===============================================================================
    dataset__train__test:
    1.0
===============================================================================
metric__classification_report:
===============================================================================
    dataset__train__train:
    +-----------+-------------+------------+------------+-------------+----------------+
    |           |           0 |          1 |   accuracy |   macro avg |   weighted avg |
    |-----------+-------------+------------+------------+-------------+----------------|
    | precision |    0.981316 |   1        |   0.981429 |    0.990658 |       0.981776 |
    | recall    |    1        |   0.244186 |   0.981429 |    0.622093 |       0.981429 |
    | f1-score  |    0.99057  |   0.392523 |   0.981429 |    0.691547 |       0.975875 |
    | support   | 6828        | 172        |   0.981429 | 7000        |    7000        |
    +-----------+-------------+------------+------------+-------------+----------------+
===============================================================================
    dataset__train__test:
    +-----------+-------------+-----------+------------+-------------+----------------+
    |           |           0 |         1 |   accuracy |   macro avg |   weighted avg |
    |-----------+-------------+-----------+------------+-------------+----------------|
    | precision |    0.972566 |  1        |   0.972667 |    0.986283 |       0.973417 |
    | recall    |    1        |  0.11828  |   0.972667 |    0.55914  |       0.972667 |
    | f1-score  |    0.986092 |  0.211538 |   0.972667 |    0.598815 |       0.962081 |
    | support   | 2907        | 93        |   0.972667 | 3000        |    3000        |
    +-----------+-------------+-----------+------------+-------------+----------------+
===============================================================================
metric__confusion_matrix:
===============================================================================
    dataset__train__train:
    +----+-----+------+
    |    |   1 |    0 |
    |----+-----+------|
    |  1 |  42 |  130 |
    |  0 |   0 | 6828 |
    +----+-----+------+
===============================================================================
    dataset__train__test:
    +----+-----+------+
    |    |   1 |    0 |
    |----+-----+------|
    |  1 |  11 |   82 |
    |  0 |   0 | 2907 |
    +----+-----+------+
===============================================================================
Save predictions for dataset__test to file:
    /home/nizaevka/Desktop/repos/mlshell/examples/classification/results/models/workflow__conf|pipeline__lgbm|dataset__train__train|('metric__custom', 1.0)|-7931226947362226609|0|dataset__test|-257442441206201706_pred.csv
===============================================================================
Save fitted model to file:
    /home/nizaevka/Desktop/repos/mlshell/examples/classification/results/models/workflow__conf|pipeline__lgbm|dataset__train__train|('metric__custom', 1.0)|-7931226947362226609|0||0.model
===============================================================================
