
<><><><><><><><><><><><><><><><><><><><><><><><><><><><><><><><><><><><><><><><><><><><><><><><><><>
===============================================================================
● CONFIGURATION: dataset__test
===============================================================================
     ▶ LOAD
===============================================================================
Data loaded from:
    data/test.csv
===============================================================================
     ▶ INFO
===============================================================================
     ▶ PREPROCESS
===============================================================================
No target column(s) found in df:
    ['loss']
===============================================================================
     ▶ SPLIT
===============================================================================
● CONFIGURATION: dataset__train
===============================================================================
     ▶ LOAD
===============================================================================
Data loaded from:
    /home/nizaevka/Desktop/repos/mlshell/examples/regression/data/train.csv
===============================================================================
     ▶ INFO
===============================================================================
     ▶ PREPROCESS
===============================================================================
     ▶ SPLIT
===============================================================================
● CONFIGURATION: gs_params__conf
===============================================================================
● CONFIGURATION: metric__mae
===============================================================================
     ▶ MAKE
===============================================================================
● CONFIGURATION: metric__r2
===============================================================================
     ▶ MAKE
===============================================================================
● CONFIGURATION: pipeline__lgbm
===============================================================================
     ▶ MAKE
===============================================================================
● CONFIGURATION: pipeline__sgd
===============================================================================
     ▶ MAKE
===============================================================================
● CONFIGURATION: pipeline__xgb
===============================================================================
     ▶ MAKE
===============================================================================
● CONFIGURATION: workflow__conf
===============================================================================
     ▶ OPTIMIZE
===============================================================================

===============================================================================
CV results:
+----+--------------------------------------------------------------------+--------------------------------------------------------------------+-------------------------+--------------------------+------------------------+-------------------------+
|    | param_process_parallel__pipeline_numeric__transform_normal__skip   |   param_process_parallel__pipeline_numeric__add_polynomial__degree |   mean_test_metric__mae |   mean_train_metric__mae |   mean_test_metric__r2 |   mean_train_metric__r2 |
|----+--------------------------------------------------------------------+--------------------------------------------------------------------+-------------------------+--------------------------+------------------------+-------------------------|
|  0 | True                                                               |                                                                  1 |                -1299.05 |                 -1264.67 |               0.428179 |                0.472006 |
|  1 | False                                                              |                                                                  1 |                -1299.05 |                 -1264.67 |               0.428179 |                0.472006 |
|  2 | True                                                               |                                                                  2 |                -1297.52 |                 -1258.18 |               0.429793 |                0.476949 |
|  3 | False                                                              |                                                                  2 |                -1296.42 |                 -1259.73 |               0.43017  |                0.475549 |
+----+--------------------------------------------------------------------+--------------------------------------------------------------------+-------------------------+--------------------------+------------------------+-------------------------+
===============================================================================
GridSearch time:
    {'mean_fit_time': 0.4266613721847534, 'mean_score_time': 0.1416303515434265}
===============================================================================
GridSearch best index:
    3
===============================================================================
CV best modifiers:
    {
    'process_parallel__pipeline_numeric__transform_normal__skip': False,
    'process_parallel__pipeline_numeric__add_polynomial__degree': 2
}
===============================================================================
CV best configuration:
    {
    'process_parallel__pipeline_numeric__transform_normal__skip': False,
    'process_parallel__pipeline_numeric__add_polynomial__degree': 2,
    'estimate__transformer': FunctionTransformer(accept_sparse = False, check_inverse = True,
        func = < function target_func at 0x7f11e916d710 > ,
        inv_kw_args = None,
        inverse_func = < function target_inverse_func at 0x7f11b5f2f950 > ,
        kw_args = None, validate = False)
}
===============================================================================
CV best mean test score metric__mae:
    -1296.4223840557404
===============================================================================
Save run(s) results to file:
    /home/nizaevka/Desktop/repos/mlshell/examples/regression/results/runs/1598353992_runs.csv
===============================================================================
Best run id:
    abb8d5c4-edb7-470f-bad3-44ae84ee26ea
===============================================================================
     ▶ VALIDATE
===============================================================================
metric__mae:
===============================================================================
    dataset__train__train:
    1267.1124783581029
===============================================================================
    dataset__train__test:
    1297.283029724967
===============================================================================
metric__r2:
===============================================================================
    dataset__train__train:
    0.46766301335555327
===============================================================================
    dataset__train__test:
    0.42294440108379006
===============================================================================
     ▶ PREDICT
===============================================================================
Save predictions for dataset__test to file:
    /home/nizaevka/Desktop/repos/mlshell/examples/regression/results/models/workflow__conf|pipeline__lgbm|dataset__train__train|('metric__mae', -1296.4223840557404)|-8181987102478528541|0|dataset__test|1590866160066126834_pred.csv
===============================================================================
     ▶ DUMP
===============================================================================
Save fitted model to file:
    /home/nizaevka/Desktop/repos/mlshell/examples/regression/results/models/workflow__conf|pipeline__lgbm|dataset__train__train|('metric__mae', -1296.4223840557404)|-8181987102478528541|0||0.model
===============================================================================
