<><><><><><><><><><><><><><><><><><><><><><><><><><><><><><><><><><><><><><><><><><><><><><><><><><>
====================================================================================================
Warning: gaps found:2232677 0.515%,
    see debug.log for details.
====================================================================================================
Save run(s) results to file:
    /mlshell/Projects/Project_ieee_fraud_detection//results/runs/1585580376_runs.csv
====================================================================================================
Best run id:
    d90f82b1-3ef4-4b8a-9c05-e7c2dee18704
====================================================================================================
score:
====================================================================================================
Train:
    0.9730265936431384
Test:
    0.8739490514183413
====================================================================================================
precision:
====================================================================================================
Train:
    1.0
Test:
    1.0
====================================================================================================
custom:
====================================================================================================
Train:
    1.0
Test:
    1.0
====================================================================================================
confusion matrix:
====================================================================================================
Train:
    +----+-----+------+
    |    |   1 |    0 |
    |----+-----+------|
    |  1 |  80 |   92 |
    |  0 |   0 | 6828 |
    +----+-----+------+
Test:
    +----+-----+------+
    |    |   1 |    0 |
    |----+-----+------|
    |  1 |  22 |   71 |
    |  0 |   0 | 2907 |
    +----+-----+------+
====================================================================================================
classification report:
====================================================================================================
Train:
    +-----------+-------------+------------+------------+-------------+----------------+
    |           |         0.0 |        1.0 |   accuracy |   macro avg |   weighted avg |
    |-----------+-------------+------------+------------+-------------+----------------|
    | precision |    0.986705 |   1        |   0.986857 |    0.993353 |       0.987032 |
    | recall    |    1        |   0.465116 |   0.986857 |    0.732558 |       0.986857 |
    | f1-score  |    0.993308 |   0.634921 |   0.986857 |    0.814114 |       0.984502 |
    | support   | 6828        | 172        |   0.986857 | 7000        |    7000        |
    +-----------+-------------+------------+------------+-------------+----------------+
Test:
    +-----------+-------------+-----------+------------+-------------+----------------+
    |           |         0.0 |       1.0 |   accuracy |   macro avg |   weighted avg |
    |-----------+-------------+-----------+------------+-------------+----------------|
    | precision |    0.976158 |  1        |   0.976333 |    0.988079 |       0.976898 |
    | recall    |    1        |  0.236559 |   0.976333 |    0.61828  |       0.976333 |
    | f1-score  |    0.987935 |  0.382609 |   0.976333 |    0.685272 |       0.96917  |
    | support   | 2907        | 93        |   0.976333 | 3000        |    3000        |
    +-----------+-------------+-----------+------------+-------------+----------------+
====================================================================================================
Save fitted model to file:
    /mlshell/Projects/Project_ieee_fraud_detection//results/models/c9361065602ac4af39177314ee7bede4_2481023607577188077_dump.model
====================================================================================================
Warning: no target column 'isFraud' in df, use 0 values
'isFraud'
====================================================================================================
Warning: gaps found:2033556 0.469%,
    see debug.log for details.
====================================================================================================
Save predictions for new data to file:    
    /mlshell/Projects/Project_ieee_fraud_detection//results/models/c9361065602ac4af39177314ee7bede4_3392053487631965617_predictions.csv
====================================================================================================
