<><><><><><><><><><><><><><><><><><><><><><><><><><><><><><><><><><><><><><><><><><><><><><><><><><>
====================================================================================================
Warning: gaps found:2232677 0.515629792147806%,
    see debug.log for details.
====================================================================================================
Save run(s) results to file:
    /mlshell/Projects/Project_ieee_fraud_detection//results/runs/1585580103_runs.csv
====================================================================================================
Best run id:
    76b1122f-d4ab-4178-844f-ad3116a69e6a
====================================================================================================
score:
====================================================================================================
Train:
    0.9730265936431384
Test:
    0.8739490514183413
====================================================================================================
precision:
====================================================================================================
Train:
    0.0649500384319754
Test:
    0.06324404761904762
====================================================================================================
custom:
====================================================================================================
Train:
    0.0649500384319754
Test:
    0.06324404761904762
====================================================================================================
confusion matrix:
====================================================================================================
Train:
    +----+------+------+
    |    |    1 |    0 |
    |----+------+------|
    |  1 |  169 |    3 |
    |  0 | 2433 | 4395 |
    +----+------+------+
Test:
    +----+------+------+
    |    |    1 |    0 |
    |----+------+------|
    |  1 |   85 |    8 |
    |  0 | 1259 | 1648 |
    +----+------+------+
====================================================================================================
classification report:
====================================================================================================
Train:
    +-----------+-------------+------------+------------+-------------+----------------+
    |           |         0.0 |        1.0 |   accuracy |   macro avg |   weighted avg |
    |-----------+-------------+------------+------------+-------------+----------------|
    | precision |    0.999318 |   0.06495  |      0.652 |    0.532134 |       0.976359 |
    | recall    |    0.643673 |   0.982558 |      0.652 |    0.813116 |       0.652    |
    | f1-score  |    0.783004 |   0.121846 |      0.652 |    0.452425 |       0.766758 |
    | support   | 6828        | 172        |      0.652 | 7000        |    7000        |
    +-----------+-------------+------------+------------+-------------+----------------+
Test:
    +-----------+-------------+-----------+------------+-------------+----------------+
    |           |         0.0 |       1.0 |   accuracy |   macro avg |   weighted avg |
    |-----------+-------------+-----------+------------+-------------+----------------|
    | precision |    0.995169 |  0.063244 |   0.577667 |    0.529207 |       0.966279 |
    | recall    |    0.566907 |  0.913978 |   0.577667 |    0.740443 |       0.577667 |
    | f1-score  |    0.722332 |  0.118302 |   0.577667 |    0.420317 |       0.703607 |
    | support   | 2907        | 93        |   0.577667 | 3000        |    3000        |
    +-----------+-------------+-----------+------------+-------------+----------------+
====================================================================================================
Save fitted model to file:
    /mlshell/Projects/Project_ieee_fraud_detection//results/models/84b23bb49a7c016a22e95d0708074123_2481023607577188077_dump.model
====================================================================================================
Warning: no target column 'isFraud' in df, use 0 values
'isFraud'
====================================================================================================
Warning: gaps found:2033556 0.46964341801385684%,
    see debug.log for details.
====================================================================================================
Save predictions for new data to file:    
    /mlshell/Projects/Project_ieee_fraud_detection//results/models/84b23bb49a7c016a22e95d0708074123_3392053487631965617_predictions.csv
====================================================================================================
