<><><><><><><><><><><><><><><><><><><><><><><><><><><><><><><><><><><><><><><><>
===============================================================================
Warning: gaps found: 2033556 0.471%,
    see debug.log for details.
===============================================================================
No target column(s) found in df:
    ['isFraud']
===============================================================================
Warning: gaps found: 2232677 0.516%,
    see debug.log for details.
===============================================================================
CV best configuration:
    {
    'estimate__predict_proba__classifier__num_leaves': 4
}
===============================================================================
CV best mean test score metric__roc_auc:
    0.8246822480585818
===============================================================================
Save run(s) results to file:
    /home/nizaevka/Desktop/repos/mlshell/examples/classification/results/runs/1601393769_Linux_runs.csv
===============================================================================
Best run id:
    72d7c0bf-dfaf-4bf5-a3e2-7c80403c051e
===============================================================================
CV best configuration:
    {
    'estimate__apply_threshold__threshold': 0.6847148037947504
}
===============================================================================
CV best mean test score metric__custom:
    1.0
===============================================================================
Save run(s) results to file:
    /home/nizaevka/Desktop/repos/mlshell/examples/classification/results/runs/1601393808_Linux_runs.csv
===============================================================================
Best run id:
    67f0f02a-9f0b-4369-8e81-47a256a4adce
===============================================================================
CV best configuration:
    {
    'pass_custom__kw_args': {
        'metric__custom': {
            'param_a': 1,
            'param_b': 'c'
        }
    }
}
===============================================================================
CV best mean test score metric__custom:
    1.0
===============================================================================
Save run(s) results to file:
    /home/nizaevka/Desktop/repos/mlshell/examples/classification/results/runs/1601393824_Linux_runs.csv
===============================================================================
Best run id:
    90775ed6-642e-4302-81d1-1bb0342b4194
===============================================================================
metric__roc_auc:
===============================================================================
    dataset__train__train:
    0.9753762721216331
===============================================================================
    dataset__train__test:
    0.8733997654900482
===============================================================================
metric__precision:
===============================================================================
    dataset__train__train:
    1.0
===============================================================================
    dataset__train__test:
    1.0
===============================================================================
metric__custom:
===============================================================================
    dataset__train__train:
    1.0
===============================================================================
    dataset__train__test:
    1.0
===============================================================================
metric__classification_report:
===============================================================================
    dataset__train__train:
    +-----------+-------------+------------+------------+-------------+----------------+
    |           |           0 |          1 |   accuracy |   macro avg |   weighted avg |
    |-----------+-------------+------------+------------+-------------+----------------|
    | precision |    0.982587 |   1        |   0.982714 |    0.991294 |       0.983015 |
    | recall    |    1        |   0.296512 |   0.982714 |    0.648256 |       0.982714 |
    | f1-score  |    0.991217 |   0.457399 |   0.982714 |    0.724308 |       0.978101 |
    | support   | 6828        | 172        |   0.982714 | 7000        |    7000        |
    +-----------+-------------+------------+------------+-------------+----------------+
===============================================================================
    dataset__train__test:
    +-----------+-------------+-----------+------------+-------------+----------------+
    |           |           0 |         1 |   accuracy |   macro avg |   weighted avg |
    |-----------+-------------+-----------+------------+-------------+----------------|
    | precision |    0.973543 |  1        |   0.973667 |    0.986772 |       0.974363 |
    | recall    |    1        |  0.150538 |   0.973667 |    0.575269 |       0.973667 |
    | f1-score  |    0.986594 |  0.261682 |   0.973667 |    0.624138 |       0.964122 |
    | support   | 2907        | 93        |   0.973667 | 3000        |    3000        |
    +-----------+-------------+-----------+------------+-------------+----------------+
===============================================================================
metric__confusion_matrix:
===============================================================================
    dataset__train__train:
    +----+-----+------+
    |    |   1 |    0 |
    |----+-----+------|
    |  1 |  51 |  121 |
    |  0 |   0 | 6828 |
    +----+-----+------+
===============================================================================
    dataset__train__test:
    +----+-----+------+
    |    |   1 |    0 |
    |----+-----+------|
    |  1 |  14 |   79 |
    |  0 |   0 | 2907 |
    +----+-----+------+
===============================================================================
Save predictions for dataset__test to file:
    /home/nizaevka/Desktop/repos/mlshell/examples/classification/results/models/workflow__conf|pipeline__lgbm|dataset__train__train|('metric__custom', 1.0)|dataset__test|Linux|1601393827_pred.csv
===============================================================================
Save fitted model to file:
    /home/nizaevka/Desktop/repos/mlshell/examples/classification/results/models/workflow__conf|pipeline__lgbm|dataset__train__train|('metric__custom', 1.0)||Linux|1601393827.model
===============================================================================
