<><><><><><><><><><><><><><><><><><><><><><><><><><><><><><><><><><><><><><><><><><><><><><><><><><>
====================================================================================================
CV best modifiers:
    {'process_parallel__pipeline_numeric__transform_normal__skip': False, 'process_parallel__pipeline_numeric__add_polynomial__degree': 2}
====================================================================================================
Save run(s) results to file:
    /mlshell/Projects/Project_allstate_claims_severity//results/runs/1585581864_runs.csv
====================================================================================================
Best run id:
    24f36577-e6b3-47e3-9c75-80feaa3eb8d7
====================================================================================================
score:
====================================================================================================
Train:
    1267.1124783581029
Test:
    1297.283029724967
====================================================================================================
r2:
====================================================================================================
Train:
    0.46766301335555327
Test:
    0.42294440108379006
====================================================================================================
Save fitted model to file:
    /mlshell/Projects/Project_allstate_claims_severity//results/models/5cc4b9d08fe01d794090aa6443cbacaf_9084142333155626824_dump.model
====================================================================================================
Warning: no target column 'loss' in df, use 0 values.
====================================================================================================
Save predictions for new data to file:    
    /mlshell/Projects/Project_allstate_claims_severity//results/models/5cc4b9d08fe01d794090aa6443cbacaf_-2516278285246321168_predictions.csv
====================================================================================================
