<><><><><><><><><><><><><><><><><><><><><><><><><><><><><><><><><><><><><><><><>
===============================================================================
● CONFIGURATION: gs_params__conf
===============================================================================
● CONFIGURATION: pipeline__lgbm
===============================================================================
     ▶ MAKE
===============================================================================
● CONFIGURATION: pipeline__sgd
===============================================================================
     ▶ MAKE
===============================================================================
● CONFIGURATION: metric__mae
===============================================================================
     ▶ MAKE
===============================================================================
● CONFIGURATION: metric__r2
===============================================================================
     ▶ MAKE
===============================================================================
● CONFIGURATION: dataset__test
===============================================================================
     ▶ LOAD
===============================================================================
Data loaded from:
    data/test.csv
===============================================================================
     ▶ INFO
===============================================================================
     ▶ PREPROCESS
===============================================================================
No target column(s) found in df:
    ['loss']
===============================================================================
     ▶ SPLIT
===============================================================================
● CONFIGURATION: dataset__train
===============================================================================
     ▶ LOAD
===============================================================================
Data loaded from:
    /home/nizaevka/Desktop/repos/mlshell/examples/regression/data/train.csv
===============================================================================
     ▶ INFO
===============================================================================
     ▶ PREPROCESS
===============================================================================
     ▶ SPLIT
===============================================================================
● CONFIGURATION: workflow__conf
===============================================================================
     ▶ OPTIMIZE
===============================================================================
hp_grid:
    {
    'process_parallel__pipeline_numeric__transform_normal__skip': [True, False],
    'process_parallel__pipeline_numeric__add_polynomial__degree': [1, 2],
    'estimate__transformer': [FunctionTransformer(func = < function target_func at 0x7fd2eaa4a7a0 > ,
        inverse_func = < function target_inverse_func at 0x7fd2c87a08c0 > )]
}
===============================================================================

===============================================================================
CV results:
+----+--------------------------------------------------------------------+--------------------------------------------------------------------+-------------------------+--------------------------+------------------------+-------------------------+
|    | param_process_parallel__pipeline_numeric__transform_normal__skip   |   param_process_parallel__pipeline_numeric__add_polynomial__degree |   mean_test_metric__mae |   mean_train_metric__mae |   mean_test_metric__r2 |   mean_train_metric__r2 |
|----+--------------------------------------------------------------------+--------------------------------------------------------------------+-------------------------+--------------------------+------------------------+-------------------------|
|  0 | True                                                               |                                                                  1 |                -1293.73 |                 -1268.48 |               0.433847 |                0.456189 |
|  1 | False                                                              |                                                                  1 |                -1293.73 |                 -1268.48 |               0.433847 |                0.456189 |
|  2 | True                                                               |                                                                  2 |                -1292.84 |                 -1262.61 |               0.434497 |                0.45951  |
|  3 | False                                                              |                                                                  2 |                -1291.22 |                 -1264.12 |               0.435474 |                0.458193 |
+----+--------------------------------------------------------------------+--------------------------------------------------------------------+-------------------------+--------------------------+------------------------+-------------------------+
===============================================================================
GridSearch time:
    {'mean_fit_time': 0.4884093006451925, 'mean_score_time': 0.14113346735636395}
===============================================================================
GridSearch best index:
    3
===============================================================================
CV best modifiers:
    {
    'process_parallel__pipeline_numeric__transform_normal__skip': False,
    'process_parallel__pipeline_numeric__add_polynomial__degree': 2
}
===============================================================================
CV best configuration:
    {
    'process_parallel__pipeline_numeric__transform_normal__skip': False,
    'process_parallel__pipeline_numeric__add_polynomial__degree': 2,
    'estimate__transformer': FunctionTransformer(func = < function target_func at 0x7fd2eaa4a7a0 > ,
        inverse_func = < function target_inverse_func at 0x7fd2c87a08c0 > )
}
===============================================================================
CV best mean test score metric__mae:
    -1291.2210830214026
===============================================================================
Save run(s) results to file:
    /home/nizaevka/Desktop/repos/mlshell/examples/regression/results/runs/1601393617_Linux_runs.csv
===============================================================================
Best run id:
    7c8568c8-ce55-426f-bc76-ea4198174246
===============================================================================
     ▶ VALIDATE
===============================================================================
metric__mae:
===============================================================================
    dataset__train__train:
    1270.5241213213403
===============================================================================
    dataset__train__test:
    1296.391698054401
===============================================================================
metric__r2:
===============================================================================
    dataset__train__train:
    0.4492708075959926
===============================================================================
    dataset__train__test:
    0.42443279405004264
===============================================================================
     ▶ PREDICT
===============================================================================
Save predictions for dataset__test to file:
    /home/nizaevka/Desktop/repos/mlshell/examples/regression/results/models/workflow__conf|pipeline__lgbm|dataset__train__train|('metric__mae', -1291.2210830214026)|dataset__test|Linux|1601393618_pred.csv
===============================================================================
     ▶ DUMP
===============================================================================
Save fitted model to file:
    /home/nizaevka/Desktop/repos/mlshell/examples/regression/results/models/workflow__conf|pipeline__lgbm|dataset__train__train|('metric__mae', -1291.2210830214026)||Linux|1601393618.model
===============================================================================
