
<><><><><><><><><><><><><><><><><><><><><><><><><><><><><><><><><><><><><><><><><><><><><><><><><><>
===============================================================================
No target column(s) found in df:
    ['loss']
===============================================================================
CV best configuration:
    {
    'process_parallel__pipeline_numeric__transform_normal__skip': False,
    'process_parallel__pipeline_numeric__add_polynomial__degree': 2,
    'estimate__transformer': FunctionTransformer(accept_sparse = False, check_inverse = True,
        func = < function target_func at 0x7f11e916d710 > ,
        inv_kw_args = None,
        inverse_func = < function target_inverse_func at 0x7f11b5f2f950 > ,
        kw_args = None, validate = False)
}
===============================================================================
CV best mean test score metric__mae:
    -1296.4223840557404
===============================================================================
Save run(s) results to file:
    /home/nizaevka/Desktop/repos/mlshell/examples/regression/results/runs/1598353992_runs.csv
===============================================================================
Best run id:
    abb8d5c4-edb7-470f-bad3-44ae84ee26ea
===============================================================================
metric__mae:
===============================================================================
    dataset__train__train:
    1267.1124783581029
===============================================================================
    dataset__train__test:
    1297.283029724967
===============================================================================
metric__r2:
===============================================================================
    dataset__train__train:
    0.46766301335555327
===============================================================================
    dataset__train__test:
    0.42294440108379006
===============================================================================
Save predictions for dataset__test to file:
    /home/nizaevka/Desktop/repos/mlshell/examples/regression/results/models/workflow__conf|pipeline__lgbm|dataset__train__train|('metric__mae', -1296.4223840557404)|-8181987102478528541|0|dataset__test|1590866160066126834_pred.csv
===============================================================================
Save fitted model to file:
    /home/nizaevka/Desktop/repos/mlshell/examples/regression/results/models/workflow__conf|pipeline__lgbm|dataset__train__train|('metric__mae', -1296.4223840557404)|-8181987102478528541|0||0.model
===============================================================================
